{
  "Timestamp": "2025-12-30T05:22:16.8605394Z",
  "Level": "ERROR",
  "Message": "Error getting saved jobs",
  "ExceptionType": "Exception",
  "ExceptionMessage": "Error getting saved jobs: Unknown column \u0027salary_currency\u0027 in \u0027field list\u0027",
  "StackTrace": "   at MyFirstApi.Services.JobDatabaseService.GetSavedJobsAsync(Int32 userId) in C:\\Users\\Dell\\Desktop\\Career guidence\\career-guidance---backend\\Services\\JobDatabaseService.cs:line 150\r\n   at MyFirstApi.Controllers.JobsController.GetSavedJobs() in C:\\Users\\Dell\\Desktop\\Career guidence\\career-guidance---backend\\Controllers\\JobsController.cs:line 309",
  "CustomData": {
    "userId": "13",
    "endpoint": "GetSavedJobs"
  }
}
--------------------------------------------------------------------------------
{
  "Timestamp": "2025-12-30T07:41:39.2311643Z",
  "Level": "ERROR",
  "Message": "Error getting saved jobs",
  "ExceptionType": "Exception",
  "ExceptionMessage": "Error getting saved jobs: Unknown column \u0027salary_currency\u0027 in \u0027field list\u0027",
  "StackTrace": "   at MyFirstApi.Services.JobDatabaseService.GetSavedJobsAsync(Int32 userId) in C:\\Users\\Dell\\Desktop\\Career guidence\\career-guidance---backend\\Services\\JobDatabaseService.cs:line 150\r\n   at MyFirstApi.Controllers.JobsController.GetSavedJobs() in C:\\Users\\Dell\\Desktop\\Career guidence\\career-guidance---backend\\Controllers\\JobsController.cs:line 309",
  "CustomData": {
    "userId": "13",
    "endpoint": "GetSavedJobs"
  }
}
--------------------------------------------------------------------------------
{
  "Timestamp": "2025-12-30T08:32:19.6789972Z",
  "Level": "ERROR",
  "Message": "Error getting saved jobs",
  "ExceptionType": "Exception",
  "ExceptionMessage": "Error getting saved jobs: Unknown column \u0027salary_currency\u0027 in \u0027field list\u0027",
  "StackTrace": "   at MyFirstApi.Services.JobDatabaseService.GetSavedJobsAsync(Int32 userId) in C:\\Users\\Dell\\Desktop\\Career guidence\\career-guidance---backend\\Services\\JobDatabaseService.cs:line 150\r\n   at MyFirstApi.Controllers.JobsController.GetSavedJobs() in C:\\Users\\Dell\\Desktop\\Career guidence\\career-guidance---backend\\Controllers\\JobsController.cs:line 309",
  "CustomData": {
    "userId": "13",
    "endpoint": "GetSavedJobs"
  }
}
--------------------------------------------------------------------------------
{
  "Timestamp": "2025-12-30T08:33:43.4105334Z",
  "Level": "ERROR",
  "Message": "Error getting saved jobs",
  "ExceptionType": "Exception",
  "ExceptionMessage": "Error getting saved jobs: Unknown column \u0027salary_currency\u0027 in \u0027field list\u0027",
  "StackTrace": "   at MyFirstApi.Services.JobDatabaseService.GetSavedJobsAsync(Int32 userId) in C:\\Users\\Dell\\Desktop\\Career guidence\\career-guidance---backend\\Services\\JobDatabaseService.cs:line 150\r\n   at MyFirstApi.Controllers.JobsController.GetSavedJobs() in C:\\Users\\Dell\\Desktop\\Career guidence\\career-guidance---backend\\Controllers\\JobsController.cs:line 309",
  "CustomData": {
    "userId": "13",
    "endpoint": "GetSavedJobs"
  }
}
--------------------------------------------------------------------------------
{
  "Timestamp": "2025-12-30T08:33:46.3822392Z",
  "Level": "ERROR",
  "Message": "Error saving job",
  "ExceptionType": "Exception",
  "ExceptionMessage": "Error saving job: Unknown column \u0027salary_currency\u0027 in \u0027field list\u0027",
  "StackTrace": "   at MyFirstApi.Services.JobDatabaseService.SaveJobAsync(Int32 userId, JobResponse job) in C:\\Users\\Dell\\Desktop\\Career guidence\\career-guidance---backend\\Services\\JobDatabaseService.cs:line 67\r\n   at MyFirstApi.Controllers.JobsController.SaveJob(String jobId, SaveJobRequest request) in C:\\Users\\Dell\\Desktop\\Career guidence\\career-guidance---backend\\Controllers\\JobsController.cs:line 201",
  "CustomData": {
    "userId": "13",
    "endpoint": "SaveJob",
    "jobId": "ioQJqZth8vQ3AyuFAAAAAA==",
    "action": "save"
  }
}
--------------------------------------------------------------------------------
{
  "Timestamp": "2025-12-30T08:33:51.518783Z",
  "Level": "ERROR",
  "Message": "Error saving job",
  "ExceptionType": "Exception",
  "ExceptionMessage": "Error saving job: Unknown column \u0027salary_currency\u0027 in \u0027field list\u0027",
  "StackTrace": "   at MyFirstApi.Services.JobDatabaseService.SaveJobAsync(Int32 userId, JobResponse job) in C:\\Users\\Dell\\Desktop\\Career guidence\\career-guidance---backend\\Services\\JobDatabaseService.cs:line 67\r\n   at MyFirstApi.Controllers.JobsController.SaveJob(String jobId, SaveJobRequest request) in C:\\Users\\Dell\\Desktop\\Career guidence\\career-guidance---backend\\Controllers\\JobsController.cs:line 201",
  "CustomData": {
    "userId": "13",
    "endpoint": "SaveJob",
    "jobId": "zALKthbaxhfQhTWQAAAAAA==",
    "action": "save"
  }
}
--------------------------------------------------------------------------------
{
  "Timestamp": "2025-12-30T08:33:52.8294389Z",
  "Level": "ERROR",
  "Message": "Error saving job",
  "ExceptionType": "Exception",
  "ExceptionMessage": "Error saving job: Unknown column \u0027salary_currency\u0027 in \u0027field list\u0027",
  "StackTrace": "   at MyFirstApi.Services.JobDatabaseService.SaveJobAsync(Int32 userId, JobResponse job) in C:\\Users\\Dell\\Desktop\\Career guidence\\career-guidance---backend\\Services\\JobDatabaseService.cs:line 67\r\n   at MyFirstApi.Controllers.JobsController.SaveJob(String jobId, SaveJobRequest request) in C:\\Users\\Dell\\Desktop\\Career guidence\\career-guidance---backend\\Controllers\\JobsController.cs:line 201",
  "CustomData": {
    "userId": "13",
    "endpoint": "SaveJob",
    "jobId": "ioQJqZth8vQ3AyuFAAAAAA==",
    "action": "save"
  }
}
--------------------------------------------------------------------------------
{
  "Timestamp": "2025-12-30T08:36:01.7572935Z",
  "Level": "ERROR",
  "Message": "Error saving job",
  "ExceptionType": "Exception",
  "ExceptionMessage": "Error saving job: Unknown column \u0027salary_currency\u0027 in \u0027field list\u0027",
  "StackTrace": "   at MyFirstApi.Services.JobDatabaseService.SaveJobAsync(Int32 userId, JobResponse job) in C:\\Users\\Dell\\Desktop\\Career guidence\\career-guidance---backend\\Services\\JobDatabaseService.cs:line 67\r\n   at MyFirstApi.Controllers.JobsController.SaveJob(String jobId, SaveJobRequest request) in C:\\Users\\Dell\\Desktop\\Career guidence\\career-guidance---backend\\Controllers\\JobsController.cs:line 201",
  "CustomData": {
    "userId": "13",
    "endpoint": "SaveJob",
    "jobId": "uw7Qrv-JKZzBDDuWAAAAAA==",
    "action": "save"
  }
}
--------------------------------------------------------------------------------
{
  "Timestamp": "2025-12-30T08:36:04.9465747Z",
  "Level": "ERROR",
  "Message": "Error saving job",
  "ExceptionType": "Exception",
  "ExceptionMessage": "Error saving job: Unknown column \u0027salary_currency\u0027 in \u0027field list\u0027",
  "StackTrace": "   at MyFirstApi.Services.JobDatabaseService.SaveJobAsync(Int32 userId, JobResponse job) in C:\\Users\\Dell\\Desktop\\Career guidence\\career-guidance---backend\\Services\\JobDatabaseService.cs:line 67\r\n   at MyFirstApi.Controllers.JobsController.SaveJob(String jobId, SaveJobRequest request) in C:\\Users\\Dell\\Desktop\\Career guidence\\career-guidance---backend\\Controllers\\JobsController.cs:line 201",
  "CustomData": {
    "userId": "13",
    "endpoint": "SaveJob",
    "jobId": "uw7Qrv-JKZzBDDuWAAAAAA==",
    "action": "save"
  }
}
--------------------------------------------------------------------------------
{
  "Timestamp": "2025-12-30T08:36:08.5121498Z",
  "Level": "ERROR",
  "Message": "Error saving job",
  "ExceptionType": "Exception",
  "ExceptionMessage": "Error saving job: Unknown column \u0027salary_currency\u0027 in \u0027field list\u0027",
  "StackTrace": "   at MyFirstApi.Services.JobDatabaseService.SaveJobAsync(Int32 userId, JobResponse job) in C:\\Users\\Dell\\Desktop\\Career guidence\\career-guidance---backend\\Services\\JobDatabaseService.cs:line 67\r\n   at MyFirstApi.Controllers.JobsController.SaveJob(String jobId, SaveJobRequest request) in C:\\Users\\Dell\\Desktop\\Career guidence\\career-guidance---backend\\Controllers\\JobsController.cs:line 201",
  "CustomData": {
    "userId": "13",
    "endpoint": "SaveJob",
    "jobId": "zALKthbaxhfQhTWQAAAAAA==",
    "action": "save"
  }
}
--------------------------------------------------------------------------------
{
  "Timestamp": "2025-12-30T08:36:09.4159194Z",
  "Level": "ERROR",
  "Message": "Error saving job",
  "ExceptionType": "Exception",
  "ExceptionMessage": "Error saving job: Unknown column \u0027salary_currency\u0027 in \u0027field list\u0027",
  "StackTrace": "   at MyFirstApi.Services.JobDatabaseService.SaveJobAsync(Int32 userId, JobResponse job) in C:\\Users\\Dell\\Desktop\\Career guidence\\career-guidance---backend\\Services\\JobDatabaseService.cs:line 67\r\n   at MyFirstApi.Controllers.JobsController.SaveJob(String jobId, SaveJobRequest request) in C:\\Users\\Dell\\Desktop\\Career guidence\\career-guidance---backend\\Controllers\\JobsController.cs:line 201",
  "CustomData": {
    "userId": "13",
    "endpoint": "SaveJob",
    "jobId": "zALKthbaxhfQhTWQAAAAAA==",
    "action": "save"
  }
}
--------------------------------------------------------------------------------
{
  "Timestamp": "2025-12-30T08:36:10.6438178Z",
  "Level": "ERROR",
  "Message": "Error saving job",
  "ExceptionType": "Exception",
  "ExceptionMessage": "Error saving job: Unknown column \u0027salary_currency\u0027 in \u0027field list\u0027",
  "StackTrace": "   at MyFirstApi.Services.JobDatabaseService.SaveJobAsync(Int32 userId, JobResponse job) in C:\\Users\\Dell\\Desktop\\Career guidence\\career-guidance---backend\\Services\\JobDatabaseService.cs:line 67\r\n   at MyFirstApi.Controllers.JobsController.SaveJob(String jobId, SaveJobRequest request) in C:\\Users\\Dell\\Desktop\\Career guidence\\career-guidance---backend\\Controllers\\JobsController.cs:line 201",
  "CustomData": {
    "userId": "13",
    "endpoint": "SaveJob",
    "jobId": "ioQJqZth8vQ3AyuFAAAAAA==",
    "action": "save"
  }
}
--------------------------------------------------------------------------------
{
  "Timestamp": "2025-12-30T08:36:11.5337224Z",
  "Level": "ERROR",
  "Message": "Error saving job",
  "ExceptionType": "Exception",
  "ExceptionMessage": "Error saving job: Unknown column \u0027salary_currency\u0027 in \u0027field list\u0027",
  "StackTrace": "   at MyFirstApi.Services.JobDatabaseService.SaveJobAsync(Int32 userId, JobResponse job) in C:\\Users\\Dell\\Desktop\\Career guidence\\career-guidance---backend\\Services\\JobDatabaseService.cs:line 67\r\n   at MyFirstApi.Controllers.JobsController.SaveJob(String jobId, SaveJobRequest request) in C:\\Users\\Dell\\Desktop\\Career guidence\\career-guidance---backend\\Controllers\\JobsController.cs:line 201",
  "CustomData": {
    "userId": "13",
    "endpoint": "SaveJob",
    "jobId": "ioQJqZth8vQ3AyuFAAAAAA==",
    "action": "save"
  }
}
--------------------------------------------------------------------------------
{
  "Timestamp": "2025-12-30T08:36:12.3017512Z",
  "Level": "ERROR",
  "Message": "Error saving job",
  "ExceptionType": "Exception",
  "ExceptionMessage": "Error saving job: Unknown column \u0027salary_currency\u0027 in \u0027field list\u0027",
  "StackTrace": "   at MyFirstApi.Services.JobDatabaseService.SaveJobAsync(Int32 userId, JobResponse job) in C:\\Users\\Dell\\Desktop\\Career guidence\\career-guidance---backend\\Services\\JobDatabaseService.cs:line 67\r\n   at MyFirstApi.Controllers.JobsController.SaveJob(String jobId, SaveJobRequest request) in C:\\Users\\Dell\\Desktop\\Career guidence\\career-guidance---backend\\Controllers\\JobsController.cs:line 201",
  "CustomData": {
    "userId": "13",
    "endpoint": "SaveJob",
    "jobId": "zALKthbaxhfQhTWQAAAAAA==",
    "action": "save"
  }
}
--------------------------------------------------------------------------------
{
  "Timestamp": "2025-12-30T08:36:12.9167029Z",
  "Level": "ERROR",
  "Message": "Error saving job",
  "ExceptionType": "Exception",
  "ExceptionMessage": "Error saving job: Unknown column \u0027salary_currency\u0027 in \u0027field list\u0027",
  "StackTrace": "   at MyFirstApi.Services.JobDatabaseService.SaveJobAsync(Int32 userId, JobResponse job) in C:\\Users\\Dell\\Desktop\\Career guidence\\career-guidance---backend\\Services\\JobDatabaseService.cs:line 67\r\n   at MyFirstApi.Controllers.JobsController.SaveJob(String jobId, SaveJobRequest request) in C:\\Users\\Dell\\Desktop\\Career guidence\\career-guidance---backend\\Controllers\\JobsController.cs:line 201",
  "CustomData": {
    "userId": "13",
    "endpoint": "SaveJob",
    "jobId": "zALKthbaxhfQhTWQAAAAAA==",
    "action": "save"
  }
}
--------------------------------------------------------------------------------
{
  "Timestamp": "2025-12-30T08:36:13.7969105Z",
  "Level": "ERROR",
  "Message": "Error saving job",
  "ExceptionType": "Exception",
  "ExceptionMessage": "Error saving job: Unknown column \u0027salary_currency\u0027 in \u0027field list\u0027",
  "StackTrace": "   at MyFirstApi.Services.JobDatabaseService.SaveJobAsync(Int32 userId, JobResponse job) in C:\\Users\\Dell\\Desktop\\Career guidence\\career-guidance---backend\\Services\\JobDatabaseService.cs:line 67\r\n   at MyFirstApi.Controllers.JobsController.SaveJob(String jobId, SaveJobRequest request) in C:\\Users\\Dell\\Desktop\\Career guidence\\career-guidance---backend\\Controllers\\JobsController.cs:line 201",
  "CustomData": {
    "userId": "13",
    "endpoint": "SaveJob",
    "jobId": "zALKthbaxhfQhTWQAAAAAA==",
    "action": "save"
  }
}
--------------------------------------------------------------------------------
{
  "Timestamp": "2025-12-30T08:36:14.3222054Z",
  "Level": "ERROR",
  "Message": "Error saving job",
  "ExceptionType": "Exception",
  "ExceptionMessage": "Error saving job: Unknown column \u0027salary_currency\u0027 in \u0027field list\u0027",
  "StackTrace": "   at MyFirstApi.Services.JobDatabaseService.SaveJobAsync(Int32 userId, JobResponse job) in C:\\Users\\Dell\\Desktop\\Career guidence\\career-guidance---backend\\Services\\JobDatabaseService.cs:line 67\r\n   at MyFirstApi.Controllers.JobsController.SaveJob(String jobId, SaveJobRequest request) in C:\\Users\\Dell\\Desktop\\Career guidence\\career-guidance---backend\\Controllers\\JobsController.cs:line 201",
  "CustomData": {
    "userId": "13",
    "endpoint": "SaveJob",
    "jobId": "zALKthbaxhfQhTWQAAAAAA==",
    "action": "save"
  }
}
--------------------------------------------------------------------------------
{
  "Timestamp": "2025-12-30T08:36:14.7300349Z",
  "Level": "ERROR",
  "Message": "Error saving job",
  "ExceptionType": "Exception",
  "ExceptionMessage": "Error saving job: Unknown column \u0027salary_currency\u0027 in \u0027field list\u0027",
  "StackTrace": "   at MyFirstApi.Services.JobDatabaseService.SaveJobAsync(Int32 userId, JobResponse job) in C:\\Users\\Dell\\Desktop\\Career guidence\\career-guidance---backend\\Services\\JobDatabaseService.cs:line 67\r\n   at MyFirstApi.Controllers.JobsController.SaveJob(String jobId, SaveJobRequest request) in C:\\Users\\Dell\\Desktop\\Career guidence\\career-guidance---backend\\Controllers\\JobsController.cs:line 201",
  "CustomData": {
    "userId": "13",
    "endpoint": "SaveJob",
    "jobId": "ioQJqZth8vQ3AyuFAAAAAA==",
    "action": "save"
  }
}
--------------------------------------------------------------------------------
{
  "Timestamp": "2025-12-30T08:36:15.3749122Z",
  "Level": "ERROR",
  "Message": "Error saving job",
  "ExceptionType": "Exception",
  "ExceptionMessage": "Error saving job: Unknown column \u0027salary_currency\u0027 in \u0027field list\u0027",
  "StackTrace": "   at MyFirstApi.Services.JobDatabaseService.SaveJobAsync(Int32 userId, JobResponse job) in C:\\Users\\Dell\\Desktop\\Career guidence\\career-guidance---backend\\Services\\JobDatabaseService.cs:line 67\r\n   at MyFirstApi.Controllers.JobsController.SaveJob(String jobId, SaveJobRequest request) in C:\\Users\\Dell\\Desktop\\Career guidence\\career-guidance---backend\\Controllers\\JobsController.cs:line 201",
  "CustomData": {
    "userId": "13",
    "endpoint": "SaveJob",
    "jobId": "ioQJqZth8vQ3AyuFAAAAAA==",
    "action": "save"
  }
}
--------------------------------------------------------------------------------
{
  "Timestamp": "2025-12-30T08:36:16.3615259Z",
  "Level": "ERROR",
  "Message": "Error saving job",
  "ExceptionType": "Exception",
  "ExceptionMessage": "Error saving job: Unknown column \u0027salary_currency\u0027 in \u0027field list\u0027",
  "StackTrace": "   at MyFirstApi.Services.JobDatabaseService.SaveJobAsync(Int32 userId, JobResponse job) in C:\\Users\\Dell\\Desktop\\Career guidence\\career-guidance---backend\\Services\\JobDatabaseService.cs:line 67\r\n   at MyFirstApi.Controllers.JobsController.SaveJob(String jobId, SaveJobRequest request) in C:\\Users\\Dell\\Desktop\\Career guidence\\career-guidance---backend\\Controllers\\JobsController.cs:line 201",
  "CustomData": {
    "userId": "13",
    "endpoint": "SaveJob",
    "jobId": "ioQJqZth8vQ3AyuFAAAAAA==",
    "action": "save"
  }
}
--------------------------------------------------------------------------------
{
  "Timestamp": "2025-12-30T08:36:16.7983234Z",
  "Level": "ERROR",
  "Message": "Error saving job",
  "ExceptionType": "Exception",
  "ExceptionMessage": "Error saving job: Unknown column \u0027salary_currency\u0027 in \u0027field list\u0027",
  "StackTrace": "   at MyFirstApi.Services.JobDatabaseService.SaveJobAsync(Int32 userId, JobResponse job) in C:\\Users\\Dell\\Desktop\\Career guidence\\career-guidance---backend\\Services\\JobDatabaseService.cs:line 67\r\n   at MyFirstApi.Controllers.JobsController.SaveJob(String jobId, SaveJobRequest request) in C:\\Users\\Dell\\Desktop\\Career guidence\\career-guidance---backend\\Controllers\\JobsController.cs:line 201",
  "CustomData": {
    "userId": "13",
    "endpoint": "SaveJob",
    "jobId": "zALKthbaxhfQhTWQAAAAAA==",
    "action": "save"
  }
}
--------------------------------------------------------------------------------
{
  "Timestamp": "2025-12-30T08:36:17.3288164Z",
  "Level": "ERROR",
  "Message": "Error saving job",
  "ExceptionType": "Exception",
  "ExceptionMessage": "Error saving job: Unknown column \u0027salary_currency\u0027 in \u0027field list\u0027",
  "StackTrace": "   at MyFirstApi.Services.JobDatabaseService.SaveJobAsync(Int32 userId, JobResponse job) in C:\\Users\\Dell\\Desktop\\Career guidence\\career-guidance---backend\\Services\\JobDatabaseService.cs:line 67\r\n   at MyFirstApi.Controllers.JobsController.SaveJob(String jobId, SaveJobRequest request) in C:\\Users\\Dell\\Desktop\\Career guidence\\career-guidance---backend\\Controllers\\JobsController.cs:line 201",
  "CustomData": {
    "userId": "13",
    "endpoint": "SaveJob",
    "jobId": "ioQJqZth8vQ3AyuFAAAAAA==",
    "action": "save"
  }
}
--------------------------------------------------------------------------------
{
  "Timestamp": "2025-12-30T08:36:21.3220051Z",
  "Level": "ERROR",
  "Message": "Error saving job",
  "ExceptionType": "Exception",
  "ExceptionMessage": "Error saving job: Unknown column \u0027salary_currency\u0027 in \u0027field list\u0027",
  "StackTrace": "   at MyFirstApi.Services.JobDatabaseService.SaveJobAsync(Int32 userId, JobResponse job) in C:\\Users\\Dell\\Desktop\\Career guidence\\career-guidance---backend\\Services\\JobDatabaseService.cs:line 67\r\n   at MyFirstApi.Controllers.JobsController.SaveJob(String jobId, SaveJobRequest request) in C:\\Users\\Dell\\Desktop\\Career guidence\\career-guidance---backend\\Controllers\\JobsController.cs:line 201",
  "CustomData": {
    "userId": "13",
    "endpoint": "SaveJob",
    "jobId": "zALKthbaxhfQhTWQAAAAAA==",
    "action": "save"
  }
}
--------------------------------------------------------------------------------
{
  "Timestamp": "2025-12-30T08:39:14.2812136Z",
  "Level": "ERROR",
  "Message": "Error saving job",
  "ExceptionType": "Exception",
  "ExceptionMessage": "Error saving job: Unknown column \u0027salary_currency\u0027 in \u0027field list\u0027",
  "StackTrace": "   at MyFirstApi.Services.JobDatabaseService.SaveJobAsync(Int32 userId, JobResponse job) in C:\\Users\\Dell\\Desktop\\Career guidence\\career-guidance---backend\\Services\\JobDatabaseService.cs:line 67\r\n   at MyFirstApi.Controllers.JobsController.SaveJob(String jobId, SaveJobRequest request) in C:\\Users\\Dell\\Desktop\\Career guidence\\career-guidance---backend\\Controllers\\JobsController.cs:line 201",
  "CustomData": {
    "userId": "13",
    "endpoint": "SaveJob",
    "jobId": "ioQJqZth8vQ3AyuFAAAAAA==",
    "action": "save"
  }
}
--------------------------------------------------------------------------------
{
  "Timestamp": "2025-12-30T08:39:31.6820982Z",
  "Level": "ERROR",
  "Message": "Error saving job",
  "ExceptionType": "Exception",
  "ExceptionMessage": "Error saving job: Unknown column \u0027salary_currency\u0027 in \u0027field list\u0027",
  "StackTrace": "   at MyFirstApi.Services.JobDatabaseService.SaveJobAsync(Int32 userId, JobResponse job) in C:\\Users\\Dell\\Desktop\\Career guidence\\career-guidance---backend\\Services\\JobDatabaseService.cs:line 67\r\n   at MyFirstApi.Controllers.JobsController.SaveJob(String jobId, SaveJobRequest request) in C:\\Users\\Dell\\Desktop\\Career guidence\\career-guidance---backend\\Controllers\\JobsController.cs:line 201",
  "CustomData": {
    "userId": "13",
    "endpoint": "SaveJob",
    "jobId": "zALKthbaxhfQhTWQAAAAAA==",
    "action": "save"
  }
}
--------------------------------------------------------------------------------
{
  "Timestamp": "2025-12-30T08:39:33.6342705Z",
  "Level": "ERROR",
  "Message": "Error saving job",
  "ExceptionType": "Exception",
  "ExceptionMessage": "Error saving job: Unknown column \u0027salary_currency\u0027 in \u0027field list\u0027",
  "StackTrace": "   at MyFirstApi.Services.JobDatabaseService.SaveJobAsync(Int32 userId, JobResponse job) in C:\\Users\\Dell\\Desktop\\Career guidence\\career-guidance---backend\\Services\\JobDatabaseService.cs:line 67\r\n   at MyFirstApi.Controllers.JobsController.SaveJob(String jobId, SaveJobRequest request) in C:\\Users\\Dell\\Desktop\\Career guidence\\career-guidance---backend\\Controllers\\JobsController.cs:line 201",
  "CustomData": {
    "userId": "13",
    "endpoint": "SaveJob",
    "jobId": "ioQJqZth8vQ3AyuFAAAAAA==",
    "action": "save"
  }
}
--------------------------------------------------------------------------------
{
  "Timestamp": "2025-12-30T08:39:38.2929191Z",
  "Level": "ERROR",
  "Message": "Error saving job",
  "ExceptionType": "Exception",
  "ExceptionMessage": "Error saving job: Unknown column \u0027salary_currency\u0027 in \u0027field list\u0027",
  "StackTrace": "   at MyFirstApi.Services.JobDatabaseService.SaveJobAsync(Int32 userId, JobResponse job) in C:\\Users\\Dell\\Desktop\\Career guidence\\career-guidance---backend\\Services\\JobDatabaseService.cs:line 67\r\n   at MyFirstApi.Controllers.JobsController.SaveJob(String jobId, SaveJobRequest request) in C:\\Users\\Dell\\Desktop\\Career guidence\\career-guidance---backend\\Controllers\\JobsController.cs:line 201",
  "CustomData": {
    "userId": "13",
    "endpoint": "SaveJob",
    "jobId": "zALKthbaxhfQhTWQAAAAAA==",
    "action": "save"
  }
}
--------------------------------------------------------------------------------
{
  "Timestamp": "2025-12-30T08:39:38.6945821Z",
  "Level": "ERROR",
  "Message": "Error saving job",
  "ExceptionType": "Exception",
  "ExceptionMessage": "Error saving job: Unknown column \u0027salary_currency\u0027 in \u0027field list\u0027",
  "StackTrace": "   at MyFirstApi.Services.JobDatabaseService.SaveJobAsync(Int32 userId, JobResponse job) in C:\\Users\\Dell\\Desktop\\Career guidence\\career-guidance---backend\\Services\\JobDatabaseService.cs:line 67\r\n   at MyFirstApi.Controllers.JobsController.SaveJob(String jobId, SaveJobRequest request) in C:\\Users\\Dell\\Desktop\\Career guidence\\career-guidance---backend\\Controllers\\JobsController.cs:line 201",
  "CustomData": {
    "userId": "13",
    "endpoint": "SaveJob",
    "jobId": "zALKthbaxhfQhTWQAAAAAA==",
    "action": "save"
  }
}
--------------------------------------------------------------------------------
{
  "Timestamp": "2025-12-30T08:39:38.8871401Z",
  "Level": "ERROR",
  "Message": "Error saving job",
  "ExceptionType": "Exception",
  "ExceptionMessage": "Error saving job: Unknown column \u0027salary_currency\u0027 in \u0027field list\u0027",
  "StackTrace": "   at MyFirstApi.Services.JobDatabaseService.SaveJobAsync(Int32 userId, JobResponse job) in C:\\Users\\Dell\\Desktop\\Career guidence\\career-guidance---backend\\Services\\JobDatabaseService.cs:line 67\r\n   at MyFirstApi.Controllers.JobsController.SaveJob(String jobId, SaveJobRequest request) in C:\\Users\\Dell\\Desktop\\Career guidence\\career-guidance---backend\\Controllers\\JobsController.cs:line 201",
  "CustomData": {
    "userId": "13",
    "endpoint": "SaveJob",
    "jobId": "zALKthbaxhfQhTWQAAAAAA==",
    "action": "save"
  }
}
--------------------------------------------------------------------------------
{
  "Timestamp": "2025-12-30T08:39:39.0143513Z",
  "Level": "ERROR",
  "Message": "Error saving job",
  "ExceptionType": "Exception",
  "ExceptionMessage": "Error saving job: Unknown column \u0027salary_currency\u0027 in \u0027field list\u0027",
  "StackTrace": "   at MyFirstApi.Services.JobDatabaseService.SaveJobAsync(Int32 userId, JobResponse job) in C:\\Users\\Dell\\Desktop\\Career guidence\\career-guidance---backend\\Services\\JobDatabaseService.cs:line 67\r\n   at MyFirstApi.Controllers.JobsController.SaveJob(String jobId, SaveJobRequest request) in C:\\Users\\Dell\\Desktop\\Career guidence\\career-guidance---backend\\Controllers\\JobsController.cs:line 201",
  "CustomData": {
    "userId": "13",
    "endpoint": "SaveJob",
    "jobId": "zALKthbaxhfQhTWQAAAAAA==",
    "action": "save"
  }
}
--------------------------------------------------------------------------------
{
  "Timestamp": "2025-12-30T08:39:39.2174838Z",
  "Level": "ERROR",
  "Message": "Error saving job",
  "ExceptionType": "Exception",
  "ExceptionMessage": "Error saving job: Unknown column \u0027salary_currency\u0027 in \u0027field list\u0027",
  "StackTrace": "   at MyFirstApi.Services.JobDatabaseService.SaveJobAsync(Int32 userId, JobResponse job) in C:\\Users\\Dell\\Desktop\\Career guidence\\career-guidance---backend\\Services\\JobDatabaseService.cs:line 67\r\n   at MyFirstApi.Controllers.JobsController.SaveJob(String jobId, SaveJobRequest request) in C:\\Users\\Dell\\Desktop\\Career guidence\\career-guidance---backend\\Controllers\\JobsController.cs:line 201",
  "CustomData": {
    "userId": "13",
    "endpoint": "SaveJob",
    "jobId": "zALKthbaxhfQhTWQAAAAAA==",
    "action": "save"
  }
}
--------------------------------------------------------------------------------
{
  "Timestamp": "2025-12-30T08:39:39.4668339Z",
  "Level": "ERROR",
  "Message": "Error saving job",
  "ExceptionType": "Exception",
  "ExceptionMessage": "Error saving job: Unknown column \u0027salary_currency\u0027 in \u0027field list\u0027",
  "StackTrace": "   at MyFirstApi.Services.JobDatabaseService.SaveJobAsync(Int32 userId, JobResponse job) in C:\\Users\\Dell\\Desktop\\Career guidence\\career-guidance---backend\\Services\\JobDatabaseService.cs:line 67\r\n   at MyFirstApi.Controllers.JobsController.SaveJob(String jobId, SaveJobRequest request) in C:\\Users\\Dell\\Desktop\\Career guidence\\career-guidance---backend\\Controllers\\JobsController.cs:line 201",
  "CustomData": {
    "userId": "13",
    "endpoint": "SaveJob",
    "jobId": "zALKthbaxhfQhTWQAAAAAA==",
    "action": "save"
  }
}
--------------------------------------------------------------------------------
{
  "Timestamp": "2025-12-30T08:39:39.8011739Z",
  "Level": "ERROR",
  "Message": "Error saving job",
  "ExceptionType": "Exception",
  "ExceptionMessage": "Error saving job: Unknown column \u0027salary_currency\u0027 in \u0027field list\u0027",
  "StackTrace": "   at MyFirstApi.Services.JobDatabaseService.SaveJobAsync(Int32 userId, JobResponse job) in C:\\Users\\Dell\\Desktop\\Career guidence\\career-guidance---backend\\Services\\JobDatabaseService.cs:line 67\r\n   at MyFirstApi.Controllers.JobsController.SaveJob(String jobId, SaveJobRequest request) in C:\\Users\\Dell\\Desktop\\Career guidence\\career-guidance---backend\\Controllers\\JobsController.cs:line 201",
  "CustomData": {
    "userId": "13",
    "endpoint": "SaveJob",
    "jobId": "zALKthbaxhfQhTWQAAAAAA==",
    "action": "save"
  }
}
--------------------------------------------------------------------------------
{
  "Timestamp": "2025-12-30T08:46:04.0018814Z",
  "Level": "ERROR",
  "Message": "Error saving job",
  "ExceptionType": "Exception",
  "ExceptionMessage": "Error saving job: Unknown column \u0027salary_currency\u0027 in \u0027field list\u0027",
  "StackTrace": "   at MyFirstApi.Services.JobDatabaseService.SaveJobAsync(Int32 userId, JobResponse job) in C:\\Users\\Dell\\Desktop\\Career guidence\\career-guidance---backend\\Services\\JobDatabaseService.cs:line 67\r\n   at MyFirstApi.Controllers.JobsController.SaveJob(String jobId, SaveJobRequest request) in C:\\Users\\Dell\\Desktop\\Career guidence\\career-guidance---backend\\Controllers\\JobsController.cs:line 201",
  "CustomData": {
    "userId": "13",
    "endpoint": "SaveJob",
    "jobId": "ioQJqZth8vQ3AyuFAAAAAA==",
    "action": "save"
  }
}
--------------------------------------------------------------------------------
{
  "Timestamp": "2025-12-30T08:46:08.9857483Z",
  "Level": "ERROR",
  "Message": "Error saving job",
  "ExceptionType": "Exception",
  "ExceptionMessage": "Error saving job: Unknown column \u0027salary_currency\u0027 in \u0027field list\u0027",
  "StackTrace": "   at MyFirstApi.Services.JobDatabaseService.SaveJobAsync(Int32 userId, JobResponse job) in C:\\Users\\Dell\\Desktop\\Career guidence\\career-guidance---backend\\Services\\JobDatabaseService.cs:line 67\r\n   at MyFirstApi.Controllers.JobsController.SaveJob(String jobId, SaveJobRequest request) in C:\\Users\\Dell\\Desktop\\Career guidence\\career-guidance---backend\\Controllers\\JobsController.cs:line 201",
  "CustomData": {
    "userId": "13",
    "endpoint": "SaveJob",
    "jobId": "zALKthbaxhfQhTWQAAAAAA==",
    "action": "save"
  }
}
--------------------------------------------------------------------------------
{
  "Timestamp": "2025-12-30T08:54:41.9475394Z",
  "Level": "ERROR",
  "Message": "Error saving job",
  "ExceptionType": "Exception",
  "ExceptionMessage": "Error saving job: Unknown column \u0027experience_level\u0027 in \u0027field list\u0027",
  "StackTrace": "   at MyFirstApi.Services.JobDatabaseService.SaveJobAsync(Int32 userId, JobResponse job) in C:\\Users\\Dell\\Desktop\\Career guidence\\career-guidance---backend\\Services\\JobDatabaseService.cs:line 103\r\n   at MyFirstApi.Controllers.JobsController.SaveJob(String jobId, SaveJobRequest request) in C:\\Users\\Dell\\Desktop\\Career guidence\\career-guidance---backend\\Controllers\\JobsController.cs:line 201",
  "CustomData": {
    "userId": "13",
    "endpoint": "SaveJob",
    "jobId": "ioQJqZth8vQ3AyuFAAAAAA==",
    "action": "save"
  }
}
--------------------------------------------------------------------------------
{
  "Timestamp": "2025-12-30T08:57:01.9922695Z",
  "Level": "ERROR",
  "Message": "Error getting saved jobs",
  "ExceptionType": "Exception",
  "ExceptionMessage": "Error getting saved jobs: Unknown column \u0027experience_level\u0027 in \u0027field list\u0027",
  "StackTrace": "   at MyFirstApi.Services.JobDatabaseService.GetSavedJobsAsync(Int32 userId) in C:\\Users\\Dell\\Desktop\\Career guidence\\career-guidance---backend\\Services\\JobDatabaseService.cs:line 191\r\n   at MyFirstApi.Controllers.JobsController.GetSavedJobs() in C:\\Users\\Dell\\Desktop\\Career guidence\\career-guidance---backend\\Controllers\\JobsController.cs:line 320",
  "CustomData": {
    "userId": "13",
    "endpoint": "GetSavedJobs"
  }
}
--------------------------------------------------------------------------------
