{
  "Timestamp": "2025-12-06T05:03:21.6363833Z",
  "Level": "ERROR",
  "Message": "Error getting saved jobs",
  "ExceptionType": "Exception",
  "ExceptionMessage": "Error getting saved jobs: Unknown column \u0027salary_currency\u0027 in \u0027field list\u0027",
  "StackTrace": "   at MyFirstApi.Services.JobDatabaseService.GetSavedJobsAsync(Int32 userId) in C:\\Users\\Dell\\Desktop\\Career guidence\\career-guidance---backend\\Services\\JobDatabaseService.cs:line 150\r\n   at MyFirstApi.Controllers.JobsController.GetSavedJobs() in C:\\Users\\Dell\\Desktop\\Career guidence\\career-guidance---backend\\Controllers\\JobsController.cs:line 290",
  "CustomData": {
    "userId": "1",
    "endpoint": "GetSavedJobs"
  }
}
--------------------------------------------------------------------------------
{
  "Timestamp": "2025-12-06T17:02:25.5909279Z",
  "Level": "ERROR",
  "Message": "Error getting job details",
  "ExceptionType": "Exception",
  "ExceptionMessage": "Error getting saved jobs: Unknown column \u0027salary_currency\u0027 in \u0027field list\u0027",
  "StackTrace": "   at MyFirstApi.Services.JobDatabaseService.GetSavedJobsAsync(Int32 userId) in C:\\Users\\Dell\\Desktop\\Career guidence\\career-guidance---backend\\Services\\JobDatabaseService.cs:line 150\r\n   at MyFirstApi.Controllers.JobsController.GetJobDetails(String jobId) in C:\\Users\\Dell\\Desktop\\Career guidence\\career-guidance---backend\\Controllers\\JobsController.cs:line 324",
  "CustomData": {
    "userId": "13",
    "endpoint": "GetJobDetails",
    "jobId": "personalized"
  }
}
--------------------------------------------------------------------------------
