{
  "Timestamp": "2025-12-05T18:18:15.0255013Z",
  "Level": "ERROR",
  "Message": "Error saving job",
  "ExceptionType": "Exception",
  "ExceptionMessage": "Error saving job: Unknown column \u0027salary_currency\u0027 in \u0027field list\u0027",
  "StackTrace": "   at MyFirstApi.Services.JobDatabaseService.SaveJobAsync(Int32 userId, JobResponse job) in C:\\Users\\Dell\\Desktop\\Career guidence\\career-guidance---backend\\Services\\JobDatabaseService.cs:line 67\r\n   at MyFirstApi.Controllers.JobsController.SaveJob(String jobId, SaveJobRequest request) in C:\\Users\\Dell\\Desktop\\Career guidence\\career-guidance---backend\\Controllers\\JobsController.cs:line 182",
  "CustomData": {
    "userId": "5",
    "endpoint": "SaveJob",
    "jobId": "mDcgVhbYgb8ioT3hAAAAAA==",
    "action": "save"
  }
}
--------------------------------------------------------------------------------
{
  "Timestamp": "2025-12-05T18:18:19.6954722Z",
  "Level": "ERROR",
  "Message": "Error saving job",
  "ExceptionType": "Exception",
  "ExceptionMessage": "Error saving job: Unknown column \u0027salary_currency\u0027 in \u0027field list\u0027",
  "StackTrace": "   at MyFirstApi.Services.JobDatabaseService.SaveJobAsync(Int32 userId, JobResponse job) in C:\\Users\\Dell\\Desktop\\Career guidence\\career-guidance---backend\\Services\\JobDatabaseService.cs:line 67\r\n   at MyFirstApi.Controllers.JobsController.SaveJob(String jobId, SaveJobRequest request) in C:\\Users\\Dell\\Desktop\\Career guidence\\career-guidance---backend\\Controllers\\JobsController.cs:line 182",
  "CustomData": {
    "userId": "5",
    "endpoint": "SaveJob",
    "jobId": "mDcgVhbYgb8ioT3hAAAAAA==",
    "action": "save"
  }
}
--------------------------------------------------------------------------------
{
  "Timestamp": "2025-12-05T18:18:21.5222235Z",
  "Level": "ERROR",
  "Message": "Error saving job",
  "ExceptionType": "Exception",
  "ExceptionMessage": "Error saving job: Unknown column \u0027salary_currency\u0027 in \u0027field list\u0027",
  "StackTrace": "   at MyFirstApi.Services.JobDatabaseService.SaveJobAsync(Int32 userId, JobResponse job) in C:\\Users\\Dell\\Desktop\\Career guidence\\career-guidance---backend\\Services\\JobDatabaseService.cs:line 67\r\n   at MyFirstApi.Controllers.JobsController.SaveJob(String jobId, SaveJobRequest request) in C:\\Users\\Dell\\Desktop\\Career guidence\\career-guidance---backend\\Controllers\\JobsController.cs:line 182",
  "CustomData": {
    "userId": "5",
    "endpoint": "SaveJob",
    "jobId": "P8dVjeyxR8pinb_AAAAAAA==",
    "action": "save"
  }
}
--------------------------------------------------------------------------------
{
  "Timestamp": "2025-12-05T18:18:22.3221746Z",
  "Level": "ERROR",
  "Message": "Error saving job",
  "ExceptionType": "Exception",
  "ExceptionMessage": "Error saving job: Unknown column \u0027salary_currency\u0027 in \u0027field list\u0027",
  "StackTrace": "   at MyFirstApi.Services.JobDatabaseService.SaveJobAsync(Int32 userId, JobResponse job) in C:\\Users\\Dell\\Desktop\\Career guidence\\career-guidance---backend\\Services\\JobDatabaseService.cs:line 67\r\n   at MyFirstApi.Controllers.JobsController.SaveJob(String jobId, SaveJobRequest request) in C:\\Users\\Dell\\Desktop\\Career guidence\\career-guidance---backend\\Controllers\\JobsController.cs:line 182",
  "CustomData": {
    "userId": "5",
    "endpoint": "SaveJob",
    "jobId": "P8dVjeyxR8pinb_AAAAAAA==",
    "action": "save"
  }
}
--------------------------------------------------------------------------------
