{
  "Timestamp": "2025-12-05T18:16:51.4140424Z",
  "Level": "INFO",
  "Message": "Personalized jobs requested",
  "ExceptionType": null,
  "ExceptionMessage": null,
  "StackTrace": null,
  "CustomData": {
    "userId": "5",
    "careerTitle": "Android Developer",
    "skillsCount": "4"
  }
}
--------------------------------------------------------------------------------
{
  "Timestamp": "2025-12-05T18:16:57.8515927Z",
  "Level": "INFO",
  "Message": "Personalized jobs generated",
  "ExceptionType": null,
  "ExceptionMessage": null,
  "StackTrace": null,
  "CustomData": {
    "userId": "5",
    "jobsCount": "10"
  }
}
--------------------------------------------------------------------------------
{
  "Timestamp": "2025-12-05T18:17:07.5721386Z",
  "Level": "INFO",
  "Message": "Personalized jobs requested",
  "ExceptionType": null,
  "ExceptionMessage": null,
  "StackTrace": null,
  "CustomData": {
    "userId": "5",
    "careerTitle": "Android Developer",
    "skillsCount": "4"
  }
}
--------------------------------------------------------------------------------
{
  "Timestamp": "2025-12-05T18:17:19.5495131Z",
  "Level": "INFO",
  "Message": "Personalized jobs generated",
  "ExceptionType": null,
  "ExceptionMessage": null,
  "StackTrace": null,
  "CustomData": {
    "userId": "5",
    "jobsCount": "10"
  }
}
--------------------------------------------------------------------------------
{
  "Timestamp": "2025-12-05T18:17:27.0158442Z",
  "Level": "INFO",
  "Message": "Job application submitted",
  "ExceptionType": null,
  "ExceptionMessage": null,
  "StackTrace": null,
  "CustomData": {
    "userId": "5",
    "jobId": "niPbUTEyMZCQHaXhAAAAAA==",
    "hasNotes": "False"
  }
}
--------------------------------------------------------------------------------
{
  "Timestamp": "2025-12-05T18:17:28.7163728Z",
  "Level": "INFO",
  "Message": "Job application submitted",
  "ExceptionType": null,
  "ExceptionMessage": null,
  "StackTrace": null,
  "CustomData": {
    "userId": "5",
    "jobId": "niPbUTEyMZCQHaXhAAAAAA==",
    "hasNotes": "False"
  }
}
--------------------------------------------------------------------------------
{
  "Timestamp": "2025-12-05T18:17:38.3867163Z",
  "Level": "INFO",
  "Message": "Job search initiated",
  "ExceptionType": null,
  "ExceptionMessage": null,
  "StackTrace": null,
  "CustomData": {
    "userId": "5",
    "query": "flutter",
    "location": "none"
  }
}
--------------------------------------------------------------------------------
{
  "Timestamp": "2025-12-05T18:17:45.9416388Z",
  "Level": "INFO",
  "Message": "Job search completed",
  "ExceptionType": null,
  "ExceptionMessage": null,
  "StackTrace": null,
  "CustomData": {
    "userId": "5",
    "resultsCount": "10"
  }
}
--------------------------------------------------------------------------------
{
  "Timestamp": "2025-12-05T18:17:57.5502066Z",
  "Level": "INFO",
  "Message": "Job search initiated",
  "ExceptionType": null,
  "ExceptionMessage": null,
  "StackTrace": null,
  "CustomData": {
    "userId": "5",
    "query": "none",
    "location": "none"
  }
}
--------------------------------------------------------------------------------
{
  "Timestamp": "2025-12-05T18:18:02.8751915Z",
  "Level": "INFO",
  "Message": "Personalized jobs requested",
  "ExceptionType": null,
  "ExceptionMessage": null,
  "StackTrace": null,
  "CustomData": {
    "userId": "5",
    "careerTitle": "Android Developer",
    "skillsCount": "4"
  }
}
--------------------------------------------------------------------------------
{
  "Timestamp": "2025-12-05T18:18:09.6187846Z",
  "Level": "INFO",
  "Message": "Personalized jobs generated",
  "ExceptionType": null,
  "ExceptionMessage": null,
  "StackTrace": null,
  "CustomData": {
    "userId": "5",
    "jobsCount": "10"
  }
}
--------------------------------------------------------------------------------
{
  "Timestamp": "2025-12-05T18:18:14.9684571Z",
  "Level": "INFO",
  "Message": "Job saved",
  "ExceptionType": null,
  "ExceptionMessage": null,
  "StackTrace": null,
  "CustomData": {
    "userId": "5",
    "jobId": "mDcgVhbYgb8ioT3hAAAAAA=="
  }
}
--------------------------------------------------------------------------------
{
  "Timestamp": "2025-12-05T18:18:19.6887187Z",
  "Level": "INFO",
  "Message": "Job saved",
  "ExceptionType": null,
  "ExceptionMessage": null,
  "StackTrace": null,
  "CustomData": {
    "userId": "5",
    "jobId": "mDcgVhbYgb8ioT3hAAAAAA=="
  }
}
--------------------------------------------------------------------------------
{
  "Timestamp": "2025-12-05T18:18:21.5173734Z",
  "Level": "INFO",
  "Message": "Job saved",
  "ExceptionType": null,
  "ExceptionMessage": null,
  "StackTrace": null,
  "CustomData": {
    "userId": "5",
    "jobId": "P8dVjeyxR8pinb_AAAAAAA=="
  }
}
--------------------------------------------------------------------------------
{
  "Timestamp": "2025-12-05T18:18:22.3158163Z",
  "Level": "INFO",
  "Message": "Job saved",
  "ExceptionType": null,
  "ExceptionMessage": null,
  "StackTrace": null,
  "CustomData": {
    "userId": "5",
    "jobId": "P8dVjeyxR8pinb_AAAAAAA=="
  }
}
--------------------------------------------------------------------------------
