{
  "Timestamp": "2025-12-30T05:22:09.6703369Z",
  "Level": "INFO",
  "Message": "Personalized jobs requested",
  "ExceptionType": null,
  "ExceptionMessage": null,
  "StackTrace": null,
  "CustomData": {
    "userId": "13",
    "careerTitle": "Flutter Developer",
    "skillsCount": "2"
  }
}
--------------------------------------------------------------------------------
{
  "Timestamp": "2025-12-30T05:22:14.435747Z",
  "Level": "INFO",
  "Message": "Personalized jobs generated",
  "ExceptionType": null,
  "ExceptionMessage": null,
  "StackTrace": null,
  "CustomData": {
    "userId": "13",
    "jobsCount": "10"
  }
}
--------------------------------------------------------------------------------
{
  "Timestamp": "2025-12-30T05:22:21.407681Z",
  "Level": "INFO",
  "Message": "Job application submitted",
  "ExceptionType": null,
  "ExceptionMessage": null,
  "StackTrace": null,
  "CustomData": {
    "userId": "13",
    "jobId": "fALL2tIk4jvuGEXjAAAAAA==",
    "hasNotes": "False"
  }
}
--------------------------------------------------------------------------------
{
  "Timestamp": "2025-12-30T07:00:46.3993929Z",
  "Level": "INFO",
  "Message": "Personalized jobs requested",
  "ExceptionType": null,
  "ExceptionMessage": null,
  "StackTrace": null,
  "CustomData": {
    "userId": "13",
    "careerTitle": "Flutter Developer",
    "skillsCount": "2"
  }
}
--------------------------------------------------------------------------------
{
  "Timestamp": "2025-12-30T07:00:52.1582442Z",
  "Level": "INFO",
  "Message": "Personalized jobs generated",
  "ExceptionType": null,
  "ExceptionMessage": null,
  "StackTrace": null,
  "CustomData": {
    "userId": "13",
    "jobsCount": "10"
  }
}
--------------------------------------------------------------------------------
{
  "Timestamp": "2025-12-30T07:39:29.1787144Z",
  "Level": "INFO",
  "Message": "Personalized jobs requested",
  "ExceptionType": null,
  "ExceptionMessage": null,
  "StackTrace": null,
  "CustomData": {
    "userId": "13",
    "careerTitle": "Flutter Developer",
    "skillsCount": "2"
  }
}
--------------------------------------------------------------------------------
{
  "Timestamp": "2025-12-30T07:39:36.5109334Z",
  "Level": "INFO",
  "Message": "Personalized jobs generated",
  "ExceptionType": null,
  "ExceptionMessage": null,
  "StackTrace": null,
  "CustomData": {
    "userId": "13",
    "jobsCount": "10"
  }
}
--------------------------------------------------------------------------------
{
  "Timestamp": "2025-12-30T07:40:38.7717939Z",
  "Level": "INFO",
  "Message": "Personalized jobs requested",
  "ExceptionType": null,
  "ExceptionMessage": null,
  "StackTrace": null,
  "CustomData": {
    "userId": "13",
    "careerTitle": "Flutter Developer",
    "skillsCount": "2"
  }
}
--------------------------------------------------------------------------------
{
  "Timestamp": "2025-12-30T07:40:42.934435Z",
  "Level": "INFO",
  "Message": "Personalized jobs generated",
  "ExceptionType": null,
  "ExceptionMessage": null,
  "StackTrace": null,
  "CustomData": {
    "userId": "13",
    "jobsCount": "10"
  }
}
--------------------------------------------------------------------------------
{
  "Timestamp": "2025-12-30T07:41:31.76852Z",
  "Level": "INFO",
  "Message": "Personalized jobs requested",
  "ExceptionType": null,
  "ExceptionMessage": null,
  "StackTrace": null,
  "CustomData": {
    "userId": "13",
    "careerTitle": "Flutter Developer",
    "skillsCount": "2"
  }
}
--------------------------------------------------------------------------------
{
  "Timestamp": "2025-12-30T07:41:36.4429516Z",
  "Level": "INFO",
  "Message": "Personalized jobs generated",
  "ExceptionType": null,
  "ExceptionMessage": null,
  "StackTrace": null,
  "CustomData": {
    "userId": "13",
    "jobsCount": "10"
  }
}
--------------------------------------------------------------------------------
{
  "Timestamp": "2025-12-30T08:30:43.6557597Z",
  "Level": "INFO",
  "Message": "Personalized jobs requested",
  "ExceptionType": null,
  "ExceptionMessage": null,
  "StackTrace": null,
  "CustomData": {
    "userId": "13",
    "careerTitle": "Flutter Developer",
    "skillsCount": "2"
  }
}
--------------------------------------------------------------------------------
{
  "Timestamp": "2025-12-30T08:31:06.9118096Z",
  "Level": "INFO",
  "Message": "Personalized jobs generated",
  "ExceptionType": null,
  "ExceptionMessage": null,
  "StackTrace": null,
  "CustomData": {
    "userId": "13",
    "jobsCount": "10"
  }
}
--------------------------------------------------------------------------------
{
  "Timestamp": "2025-12-30T08:32:31.5566478Z",
  "Level": "INFO",
  "Message": "Job search initiated",
  "ExceptionType": null,
  "ExceptionMessage": null,
  "StackTrace": null,
  "CustomData": {
    "userId": "13",
    "query": "react development",
    "location": "none"
  }
}
--------------------------------------------------------------------------------
{
  "Timestamp": "2025-12-30T08:32:47.786438Z",
  "Level": "INFO",
  "Message": "Job search completed",
  "ExceptionType": null,
  "ExceptionMessage": null,
  "StackTrace": null,
  "CustomData": {
    "userId": "13",
    "resultsCount": "10"
  }
}
--------------------------------------------------------------------------------
{
  "Timestamp": "2025-12-30T08:33:45.5532954Z",
  "Level": "INFO",
  "Message": "Job saved",
  "ExceptionType": null,
  "ExceptionMessage": null,
  "StackTrace": null,
  "CustomData": {
    "userId": "13",
    "jobId": "ioQJqZth8vQ3AyuFAAAAAA=="
  }
}
--------------------------------------------------------------------------------
{
  "Timestamp": "2025-12-30T08:33:50.755494Z",
  "Level": "INFO",
  "Message": "Job saved",
  "ExceptionType": null,
  "ExceptionMessage": null,
  "StackTrace": null,
  "CustomData": {
    "userId": "13",
    "jobId": "zALKthbaxhfQhTWQAAAAAA=="
  }
}
--------------------------------------------------------------------------------
{
  "Timestamp": "2025-12-30T08:33:52.0813911Z",
  "Level": "INFO",
  "Message": "Job saved",
  "ExceptionType": null,
  "ExceptionMessage": null,
  "StackTrace": null,
  "CustomData": {
    "userId": "13",
    "jobId": "ioQJqZth8vQ3AyuFAAAAAA=="
  }
}
--------------------------------------------------------------------------------
{
  "Timestamp": "2025-12-30T08:35:47.4951983Z",
  "Level": "INFO",
  "Message": "Personalized jobs requested",
  "ExceptionType": null,
  "ExceptionMessage": null,
  "StackTrace": null,
  "CustomData": {
    "userId": "13",
    "careerTitle": "Flutter Developer",
    "skillsCount": "2"
  }
}
--------------------------------------------------------------------------------
{
  "Timestamp": "2025-12-30T08:35:52.8765722Z",
  "Level": "INFO",
  "Message": "Personalized jobs generated",
  "ExceptionType": null,
  "ExceptionMessage": null,
  "StackTrace": null,
  "CustomData": {
    "userId": "13",
    "jobsCount": "10"
  }
}
--------------------------------------------------------------------------------
{
  "Timestamp": "2025-12-30T08:36:00.8482515Z",
  "Level": "INFO",
  "Message": "Job saved",
  "ExceptionType": null,
  "ExceptionMessage": null,
  "StackTrace": null,
  "CustomData": {
    "userId": "13",
    "jobId": "uw7Qrv-JKZzBDDuWAAAAAA=="
  }
}
--------------------------------------------------------------------------------
{
  "Timestamp": "2025-12-30T08:36:03.4280493Z",
  "Level": "INFO",
  "Message": "Job saved",
  "ExceptionType": null,
  "ExceptionMessage": null,
  "StackTrace": null,
  "CustomData": {
    "userId": "13",
    "jobId": "uw7Qrv-JKZzBDDuWAAAAAA=="
  }
}
--------------------------------------------------------------------------------
{
  "Timestamp": "2025-12-30T08:36:07.3999865Z",
  "Level": "INFO",
  "Message": "Job saved",
  "ExceptionType": null,
  "ExceptionMessage": null,
  "StackTrace": null,
  "CustomData": {
    "userId": "13",
    "jobId": "zALKthbaxhfQhTWQAAAAAA=="
  }
}
--------------------------------------------------------------------------------
{
  "Timestamp": "2025-12-30T08:36:08.0740083Z",
  "Level": "INFO",
  "Message": "Job saved",
  "ExceptionType": null,
  "ExceptionMessage": null,
  "StackTrace": null,
  "CustomData": {
    "userId": "13",
    "jobId": "zALKthbaxhfQhTWQAAAAAA=="
  }
}
--------------------------------------------------------------------------------
{
  "Timestamp": "2025-12-30T08:36:08.2774227Z",
  "Level": "INFO",
  "Message": "Job saved",
  "ExceptionType": null,
  "ExceptionMessage": null,
  "StackTrace": null,
  "CustomData": {
    "userId": "13",
    "jobId": "zALKthbaxhfQhTWQAAAAAA=="
  }
}
--------------------------------------------------------------------------------
{
  "Timestamp": "2025-12-30T08:36:08.4585756Z",
  "Level": "INFO",
  "Message": "Job saved",
  "ExceptionType": null,
  "ExceptionMessage": null,
  "StackTrace": null,
  "CustomData": {
    "userId": "13",
    "jobId": "zALKthbaxhfQhTWQAAAAAA=="
  }
}
--------------------------------------------------------------------------------
{
  "Timestamp": "2025-12-30T08:36:08.6245114Z",
  "Level": "INFO",
  "Message": "Job saved",
  "ExceptionType": null,
  "ExceptionMessage": null,
  "StackTrace": null,
  "CustomData": {
    "userId": "13",
    "jobId": "zALKthbaxhfQhTWQAAAAAA=="
  }
}
--------------------------------------------------------------------------------
{
  "Timestamp": "2025-12-30T08:36:08.7810237Z",
  "Level": "INFO",
  "Message": "Job saved",
  "ExceptionType": null,
  "ExceptionMessage": null,
  "StackTrace": null,
  "CustomData": {
    "userId": "13",
    "jobId": "zALKthbaxhfQhTWQAAAAAA=="
  }
}
--------------------------------------------------------------------------------
{
  "Timestamp": "2025-12-30T08:36:08.9325549Z",
  "Level": "INFO",
  "Message": "Job saved",
  "ExceptionType": null,
  "ExceptionMessage": null,
  "StackTrace": null,
  "CustomData": {
    "userId": "13",
    "jobId": "zALKthbaxhfQhTWQAAAAAA=="
  }
}
--------------------------------------------------------------------------------
{
  "Timestamp": "2025-12-30T08:36:09.0916331Z",
  "Level": "INFO",
  "Message": "Job saved",
  "ExceptionType": null,
  "ExceptionMessage": null,
  "StackTrace": null,
  "CustomData": {
    "userId": "13",
    "jobId": "zALKthbaxhfQhTWQAAAAAA=="
  }
}
--------------------------------------------------------------------------------
{
  "Timestamp": "2025-12-30T08:36:09.8766667Z",
  "Level": "INFO",
  "Message": "Job saved",
  "ExceptionType": null,
  "ExceptionMessage": null,
  "StackTrace": null,
  "CustomData": {
    "userId": "13",
    "jobId": "ioQJqZth8vQ3AyuFAAAAAA=="
  }
}
--------------------------------------------------------------------------------
{
  "Timestamp": "2025-12-30T08:36:10.0837889Z",
  "Level": "INFO",
  "Message": "Job saved",
  "ExceptionType": null,
  "ExceptionMessage": null,
  "StackTrace": null,
  "CustomData": {
    "userId": "13",
    "jobId": "ioQJqZth8vQ3AyuFAAAAAA=="
  }
}
--------------------------------------------------------------------------------
{
  "Timestamp": "2025-12-30T08:36:10.2482562Z",
  "Level": "INFO",
  "Message": "Job saved",
  "ExceptionType": null,
  "ExceptionMessage": null,
  "StackTrace": null,
  "CustomData": {
    "userId": "13",
    "jobId": "ioQJqZth8vQ3AyuFAAAAAA=="
  }
}
--------------------------------------------------------------------------------
{
  "Timestamp": "2025-12-30T08:36:10.4357424Z",
  "Level": "INFO",
  "Message": "Job saved",
  "ExceptionType": null,
  "ExceptionMessage": null,
  "StackTrace": null,
  "CustomData": {
    "userId": "13",
    "jobId": "ioQJqZth8vQ3AyuFAAAAAA=="
  }
}
--------------------------------------------------------------------------------
{
  "Timestamp": "2025-12-30T08:36:10.6206966Z",
  "Level": "INFO",
  "Message": "Job saved",
  "ExceptionType": null,
  "ExceptionMessage": null,
  "StackTrace": null,
  "CustomData": {
    "userId": "13",
    "jobId": "ioQJqZth8vQ3AyuFAAAAAA=="
  }
}
--------------------------------------------------------------------------------
{
  "Timestamp": "2025-12-30T08:36:10.7810579Z",
  "Level": "INFO",
  "Message": "Job saved",
  "ExceptionType": null,
  "ExceptionMessage": null,
  "StackTrace": null,
  "CustomData": {
    "userId": "13",
    "jobId": "ioQJqZth8vQ3AyuFAAAAAA=="
  }
}
--------------------------------------------------------------------------------
{
  "Timestamp": "2025-12-30T08:39:13.4878039Z",
  "Level": "INFO",
  "Message": "Job saved",
  "ExceptionType": null,
  "ExceptionMessage": null,
  "StackTrace": null,
  "CustomData": {
    "userId": "13",
    "jobId": "ioQJqZth8vQ3AyuFAAAAAA=="
  }
}
--------------------------------------------------------------------------------
{
  "Timestamp": "2025-12-30T08:39:24.5306799Z",
  "Level": "INFO",
  "Message": "Personalized jobs requested",
  "ExceptionType": null,
  "ExceptionMessage": null,
  "StackTrace": null,
  "CustomData": {
    "userId": "13",
    "careerTitle": "Flutter Developer",
    "skillsCount": "2"
  }
}
--------------------------------------------------------------------------------
{
  "Timestamp": "2025-12-30T08:39:28.8399791Z",
  "Level": "INFO",
  "Message": "Personalized jobs generated",
  "ExceptionType": null,
  "ExceptionMessage": null,
  "StackTrace": null,
  "CustomData": {
    "userId": "13",
    "jobsCount": "10"
  }
}
--------------------------------------------------------------------------------
{
  "Timestamp": "2025-12-30T08:39:30.9212728Z",
  "Level": "INFO",
  "Message": "Job saved",
  "ExceptionType": null,
  "ExceptionMessage": null,
  "StackTrace": null,
  "CustomData": {
    "userId": "13",
    "jobId": "zALKthbaxhfQhTWQAAAAAA=="
  }
}
--------------------------------------------------------------------------------
{
  "Timestamp": "2025-12-30T08:39:32.8396264Z",
  "Level": "INFO",
  "Message": "Job saved",
  "ExceptionType": null,
  "ExceptionMessage": null,
  "StackTrace": null,
  "CustomData": {
    "userId": "13",
    "jobId": "ioQJqZth8vQ3AyuFAAAAAA=="
  }
}
--------------------------------------------------------------------------------
{
  "Timestamp": "2025-12-30T08:39:37.5257663Z",
  "Level": "INFO",
  "Message": "Job saved",
  "ExceptionType": null,
  "ExceptionMessage": null,
  "StackTrace": null,
  "CustomData": {
    "userId": "13",
    "jobId": "zALKthbaxhfQhTWQAAAAAA=="
  }
}
--------------------------------------------------------------------------------
{
  "Timestamp": "2025-12-30T08:39:37.9158522Z",
  "Level": "INFO",
  "Message": "Job saved",
  "ExceptionType": null,
  "ExceptionMessage": null,
  "StackTrace": null,
  "CustomData": {
    "userId": "13",
    "jobId": "zALKthbaxhfQhTWQAAAAAA=="
  }
}
--------------------------------------------------------------------------------
{
  "Timestamp": "2025-12-30T08:39:38.0832464Z",
  "Level": "INFO",
  "Message": "Job saved",
  "ExceptionType": null,
  "ExceptionMessage": null,
  "StackTrace": null,
  "CustomData": {
    "userId": "13",
    "jobId": "zALKthbaxhfQhTWQAAAAAA=="
  }
}
--------------------------------------------------------------------------------
{
  "Timestamp": "2025-12-30T08:39:38.2567693Z",
  "Level": "INFO",
  "Message": "Job saved",
  "ExceptionType": null,
  "ExceptionMessage": null,
  "StackTrace": null,
  "CustomData": {
    "userId": "13",
    "jobId": "zALKthbaxhfQhTWQAAAAAA=="
  }
}
--------------------------------------------------------------------------------
{
  "Timestamp": "2025-12-30T08:39:38.4078137Z",
  "Level": "INFO",
  "Message": "Job saved",
  "ExceptionType": null,
  "ExceptionMessage": null,
  "StackTrace": null,
  "CustomData": {
    "userId": "13",
    "jobId": "zALKthbaxhfQhTWQAAAAAA=="
  }
}
--------------------------------------------------------------------------------
{
  "Timestamp": "2025-12-30T08:39:38.5925773Z",
  "Level": "INFO",
  "Message": "Job saved",
  "ExceptionType": null,
  "ExceptionMessage": null,
  "StackTrace": null,
  "CustomData": {
    "userId": "13",
    "jobId": "zALKthbaxhfQhTWQAAAAAA=="
  }
}
--------------------------------------------------------------------------------
{
  "Timestamp": "2025-12-30T08:39:38.8212217Z",
  "Level": "INFO",
  "Message": "Job saved",
  "ExceptionType": null,
  "ExceptionMessage": null,
  "StackTrace": null,
  "CustomData": {
    "userId": "13",
    "jobId": "zALKthbaxhfQhTWQAAAAAA=="
  }
}
--------------------------------------------------------------------------------
{
  "Timestamp": "2025-12-30T08:45:57.4793176Z",
  "Level": "INFO",
  "Message": "Personalized jobs requested",
  "ExceptionType": null,
  "ExceptionMessage": null,
  "StackTrace": null,
  "CustomData": {
    "userId": "13",
    "careerTitle": "Flutter Developer",
    "skillsCount": "2"
  }
}
--------------------------------------------------------------------------------
{
  "Timestamp": "2025-12-30T08:46:01.3294328Z",
  "Level": "INFO",
  "Message": "Personalized jobs generated",
  "ExceptionType": null,
  "ExceptionMessage": null,
  "StackTrace": null,
  "CustomData": {
    "userId": "13",
    "jobsCount": "10"
  }
}
--------------------------------------------------------------------------------
{
  "Timestamp": "2025-12-30T08:46:03.1446254Z",
  "Level": "INFO",
  "Message": "Job saved",
  "ExceptionType": null,
  "ExceptionMessage": null,
  "StackTrace": null,
  "CustomData": {
    "userId": "13",
    "jobId": "ioQJqZth8vQ3AyuFAAAAAA=="
  }
}
--------------------------------------------------------------------------------
{
  "Timestamp": "2025-12-30T08:46:08.2103188Z",
  "Level": "INFO",
  "Message": "Job saved",
  "ExceptionType": null,
  "ExceptionMessage": null,
  "StackTrace": null,
  "CustomData": {
    "userId": "13",
    "jobId": "zALKthbaxhfQhTWQAAAAAA=="
  }
}
--------------------------------------------------------------------------------
{
  "Timestamp": "2025-12-30T08:54:14.5852438Z",
  "Level": "INFO",
  "Message": "Personalized jobs requested",
  "ExceptionType": null,
  "ExceptionMessage": null,
  "StackTrace": null,
  "CustomData": {
    "userId": "13",
    "careerTitle": "Flutter Developer",
    "skillsCount": "2"
  }
}
--------------------------------------------------------------------------------
{
  "Timestamp": "2025-12-30T08:54:19.0055661Z",
  "Level": "INFO",
  "Message": "Personalized jobs generated",
  "ExceptionType": null,
  "ExceptionMessage": null,
  "StackTrace": null,
  "CustomData": {
    "userId": "13",
    "jobsCount": "10"
  }
}
--------------------------------------------------------------------------------
{
  "Timestamp": "2025-12-30T08:54:38.8254074Z",
  "Level": "INFO",
  "Message": "Job saved",
  "ExceptionType": null,
  "ExceptionMessage": null,
  "StackTrace": null,
  "CustomData": {
    "userId": "13",
    "jobId": "ioQJqZth8vQ3AyuFAAAAAA=="
  }
}
--------------------------------------------------------------------------------
{
  "Timestamp": "2025-12-30T08:54:46.3223271Z",
  "Level": "INFO",
  "Message": "Personalized jobs requested",
  "ExceptionType": null,
  "ExceptionMessage": null,
  "StackTrace": null,
  "CustomData": {
    "userId": "13",
    "careerTitle": "Flutter Developer",
    "skillsCount": "2"
  }
}
--------------------------------------------------------------------------------
{
  "Timestamp": "2025-12-30T08:54:49.644799Z",
  "Level": "INFO",
  "Message": "Personalized jobs generated",
  "ExceptionType": null,
  "ExceptionMessage": null,
  "StackTrace": null,
  "CustomData": {
    "userId": "13",
    "jobsCount": "10"
  }
}
--------------------------------------------------------------------------------
{
  "Timestamp": "2025-12-30T08:59:54.4623575Z",
  "Level": "INFO",
  "Message": "Job saved",
  "ExceptionType": null,
  "ExceptionMessage": null,
  "StackTrace": null,
  "CustomData": {
    "userId": "13",
    "jobId": "ioQJqZth8vQ3AyuFAAAAAA=="
  }
}
--------------------------------------------------------------------------------
{
  "Timestamp": "2025-12-30T09:00:04.7088535Z",
  "Level": "INFO",
  "Message": "Saved jobs retrieved",
  "ExceptionType": null,
  "ExceptionMessage": null,
  "StackTrace": null,
  "CustomData": {
    "userId": "13",
    "jobsCount": "1"
  }
}
--------------------------------------------------------------------------------
{
  "Timestamp": "2025-12-30T09:02:29.3322732Z",
  "Level": "INFO",
  "Message": "Personalized jobs requested",
  "ExceptionType": null,
  "ExceptionMessage": null,
  "StackTrace": null,
  "CustomData": {
    "userId": "13",
    "careerTitle": "Flutter Developer",
    "skillsCount": "2"
  }
}
--------------------------------------------------------------------------------
{
  "Timestamp": "2025-12-30T09:02:34.3190735Z",
  "Level": "INFO",
  "Message": "Personalized jobs generated",
  "ExceptionType": null,
  "ExceptionMessage": null,
  "StackTrace": null,
  "CustomData": {
    "userId": "13",
    "jobsCount": "10"
  }
}
--------------------------------------------------------------------------------
{
  "Timestamp": "2025-12-30T09:02:35.8413854Z",
  "Level": "INFO",
  "Message": "Personalized jobs requested",
  "ExceptionType": null,
  "ExceptionMessage": null,
  "StackTrace": null,
  "CustomData": {
    "userId": "13",
    "careerTitle": "Flutter Developer",
    "skillsCount": "2"
  }
}
--------------------------------------------------------------------------------
{
  "Timestamp": "2025-12-30T09:02:39.4394388Z",
  "Level": "INFO",
  "Message": "Personalized jobs generated",
  "ExceptionType": null,
  "ExceptionMessage": null,
  "StackTrace": null,
  "CustomData": {
    "userId": "13",
    "jobsCount": "10"
  }
}
--------------------------------------------------------------------------------
{
  "Timestamp": "2025-12-30T09:03:01.3486779Z",
  "Level": "INFO",
  "Message": "Job search initiated",
  "ExceptionType": null,
  "ExceptionMessage": null,
  "StackTrace": null,
  "CustomData": {
    "userId": "13",
    "query": "software engineer",
    "location": "none"
  }
}
--------------------------------------------------------------------------------
{
  "Timestamp": "2025-12-30T09:03:05.2433172Z",
  "Level": "INFO",
  "Message": "Job search completed",
  "ExceptionType": null,
  "ExceptionMessage": null,
  "StackTrace": null,
  "CustomData": {
    "userId": "13",
    "resultsCount": "10"
  }
}
--------------------------------------------------------------------------------
{
  "Timestamp": "2025-12-30T09:03:09.7584668Z",
  "Level": "INFO",
  "Message": "Job saved",
  "ExceptionType": null,
  "ExceptionMessage": null,
  "StackTrace": null,
  "CustomData": {
    "userId": "13",
    "jobId": "HrqcbVkz8dlP04E_AAAAAA=="
  }
}
--------------------------------------------------------------------------------
{
  "Timestamp": "2025-12-30T09:10:39.388498Z",
  "Level": "INFO",
  "Message": "Personalized jobs requested",
  "ExceptionType": null,
  "ExceptionMessage": null,
  "StackTrace": null,
  "CustomData": {
    "userId": "13",
    "careerTitle": "Flutter Developer",
    "skillsCount": "2"
  }
}
--------------------------------------------------------------------------------
{
  "Timestamp": "2025-12-30T09:10:43.5281535Z",
  "Level": "INFO",
  "Message": "Personalized jobs generated",
  "ExceptionType": null,
  "ExceptionMessage": null,
  "StackTrace": null,
  "CustomData": {
    "userId": "13",
    "jobsCount": "10"
  }
}
--------------------------------------------------------------------------------
{
  "Timestamp": "2025-12-30T09:10:47.0918555Z",
  "Level": "INFO",
  "Message": "Job saved",
  "ExceptionType": null,
  "ExceptionMessage": null,
  "StackTrace": null,
  "CustomData": {
    "userId": "13",
    "jobId": "zALKthbaxhfQhTWQAAAAAA=="
  }
}
--------------------------------------------------------------------------------
{
  "Timestamp": "2025-12-30T09:11:05.9450608Z",
  "Level": "INFO",
  "Message": "Personalized jobs requested",
  "ExceptionType": null,
  "ExceptionMessage": null,
  "StackTrace": null,
  "CustomData": {
    "userId": "13",
    "careerTitle": "Flutter Developer",
    "skillsCount": "2"
  }
}
--------------------------------------------------------------------------------
{
  "Timestamp": "2025-12-30T09:11:09.1050381Z",
  "Level": "INFO",
  "Message": "Personalized jobs generated",
  "ExceptionType": null,
  "ExceptionMessage": null,
  "StackTrace": null,
  "CustomData": {
    "userId": "13",
    "jobsCount": "10"
  }
}
--------------------------------------------------------------------------------
{
  "Timestamp": "2025-12-30T09:11:28.0032509Z",
  "Level": "INFO",
  "Message": "Personalized jobs requested",
  "ExceptionType": null,
  "ExceptionMessage": null,
  "StackTrace": null,
  "CustomData": {
    "userId": "13",
    "careerTitle": "Flutter Developer",
    "skillsCount": "2"
  }
}
--------------------------------------------------------------------------------
{
  "Timestamp": "2025-12-30T09:11:31.3374935Z",
  "Level": "INFO",
  "Message": "Personalized jobs generated",
  "ExceptionType": null,
  "ExceptionMessage": null,
  "StackTrace": null,
  "CustomData": {
    "userId": "13",
    "jobsCount": "10"
  }
}
--------------------------------------------------------------------------------
