{
  "Timestamp": "2025-12-12T06:10:51.8041996Z",
  "Level": "INFO",
  "Message": "Personalized jobs requested",
  "ExceptionType": null,
  "ExceptionMessage": null,
  "StackTrace": null,
  "CustomData": {
    "userId": "13",
    "careerTitle": "AR/VR Developer",
    "skillsCount": "2"
  }
}
--------------------------------------------------------------------------------
{
  "Timestamp": "2025-12-12T06:10:53.5716858Z",
  "Level": "INFO",
  "Message": "Personalized jobs generated",
  "ExceptionType": null,
  "ExceptionMessage": null,
  "StackTrace": null,
  "CustomData": {
    "userId": "13",
    "jobsCount": "0"
  }
}
--------------------------------------------------------------------------------
{
  "Timestamp": "2025-12-12T06:17:07.3566226Z",
  "Level": "INFO",
  "Message": "Personalized jobs requested",
  "ExceptionType": null,
  "ExceptionMessage": null,
  "StackTrace": null,
  "CustomData": {
    "userId": "13",
    "careerTitle": "AR/VR Developer",
    "skillsCount": "2"
  }
}
--------------------------------------------------------------------------------
{
  "Timestamp": "2025-12-12T06:17:09.2420238Z",
  "Level": "INFO",
  "Message": "Personalized jobs generated",
  "ExceptionType": null,
  "ExceptionMessage": null,
  "StackTrace": null,
  "CustomData": {
    "userId": "13",
    "jobsCount": "0"
  }
}
--------------------------------------------------------------------------------
{
  "Timestamp": "2025-12-12T06:17:22.8566697Z",
  "Level": "INFO",
  "Message": "Personalized jobs requested",
  "ExceptionType": null,
  "ExceptionMessage": null,
  "StackTrace": null,
  "CustomData": {
    "userId": "13",
    "careerTitle": "AR/VR Developer",
    "skillsCount": "2"
  }
}
--------------------------------------------------------------------------------
{
  "Timestamp": "2025-12-12T06:17:24.2143984Z",
  "Level": "INFO",
  "Message": "Personalized jobs generated",
  "ExceptionType": null,
  "ExceptionMessage": null,
  "StackTrace": null,
  "CustomData": {
    "userId": "13",
    "jobsCount": "0"
  }
}
--------------------------------------------------------------------------------
{
  "Timestamp": "2025-12-12T06:19:24.2409429Z",
  "Level": "INFO",
  "Message": "Personalized jobs requested",
  "ExceptionType": null,
  "ExceptionMessage": null,
  "StackTrace": null,
  "CustomData": {
    "userId": "13",
    "careerTitle": "AR/VR Developer",
    "skillsCount": "2"
  }
}
--------------------------------------------------------------------------------
{
  "Timestamp": "2025-12-12T06:19:25.9571783Z",
  "Level": "INFO",
  "Message": "Personalized jobs generated",
  "ExceptionType": null,
  "ExceptionMessage": null,
  "StackTrace": null,
  "CustomData": {
    "userId": "13",
    "jobsCount": "0"
  }
}
--------------------------------------------------------------------------------
{
  "Timestamp": "2025-12-12T06:20:04.032896Z",
  "Level": "INFO",
  "Message": "Personalized jobs requested",
  "ExceptionType": null,
  "ExceptionMessage": null,
  "StackTrace": null,
  "CustomData": {
    "userId": "13",
    "careerTitle": "AR/VR Developer",
    "skillsCount": "2"
  }
}
--------------------------------------------------------------------------------
{
  "Timestamp": "2025-12-12T06:20:06.0535906Z",
  "Level": "INFO",
  "Message": "Personalized jobs generated",
  "ExceptionType": null,
  "ExceptionMessage": null,
  "StackTrace": null,
  "CustomData": {
    "userId": "13",
    "jobsCount": "0"
  }
}
--------------------------------------------------------------------------------
{
  "Timestamp": "2025-12-12T06:20:23.2228317Z",
  "Level": "INFO",
  "Message": "Job search initiated",
  "ExceptionType": null,
  "ExceptionMessage": null,
  "StackTrace": null,
  "CustomData": {
    "userId": "13",
    "query": "flutter",
    "location": "none"
  }
}
--------------------------------------------------------------------------------
{
  "Timestamp": "2025-12-12T06:21:04.2768161Z",
  "Level": "INFO",
  "Message": "Job search completed",
  "ExceptionType": null,
  "ExceptionMessage": null,
  "StackTrace": null,
  "CustomData": {
    "userId": "13",
    "resultsCount": "10"
  }
}
--------------------------------------------------------------------------------
{
  "Timestamp": "2025-12-12T06:25:12.9385708Z",
  "Level": "INFO",
  "Message": "Personalized jobs requested",
  "ExceptionType": null,
  "ExceptionMessage": null,
  "StackTrace": null,
  "CustomData": {
    "userId": "13",
    "careerTitle": "AR/VR Developer",
    "skillsCount": "2"
  }
}
--------------------------------------------------------------------------------
{
  "Timestamp": "2025-12-12T06:26:23.4543181Z",
  "Level": "INFO",
  "Message": "Personalized jobs generated",
  "ExceptionType": null,
  "ExceptionMessage": null,
  "StackTrace": null,
  "CustomData": {
    "userId": "13",
    "jobsCount": "9"
  }
}
--------------------------------------------------------------------------------
{
  "Timestamp": "2025-12-12T06:26:41.3665043Z",
  "Level": "INFO",
  "Message": "Personalized jobs requested",
  "ExceptionType": null,
  "ExceptionMessage": null,
  "StackTrace": null,
  "CustomData": {
    "userId": "13",
    "careerTitle": "AR/VR Developer",
    "skillsCount": "2"
  }
}
--------------------------------------------------------------------------------
{
  "Timestamp": "2025-12-12T06:26:55.4591258Z",
  "Level": "INFO",
  "Message": "Personalized jobs requested",
  "ExceptionType": null,
  "ExceptionMessage": null,
  "StackTrace": null,
  "CustomData": {
    "userId": "13",
    "careerTitle": "AR/VR Developer",
    "skillsCount": "2"
  }
}
--------------------------------------------------------------------------------
{
  "Timestamp": "2025-12-12T06:27:00.3846557Z",
  "Level": "INFO",
  "Message": "Job search initiated",
  "ExceptionType": null,
  "ExceptionMessage": null,
  "StackTrace": null,
  "CustomData": {
    "userId": "13",
    "query": "flutter",
    "location": "none"
  }
}
--------------------------------------------------------------------------------
{
  "Timestamp": "2025-12-12T06:27:04.588267Z",
  "Level": "INFO",
  "Message": "Personalized jobs generated",
  "ExceptionType": null,
  "ExceptionMessage": null,
  "StackTrace": null,
  "CustomData": {
    "userId": "13",
    "jobsCount": "9"
  }
}
--------------------------------------------------------------------------------
{
  "Timestamp": "2025-12-12T06:27:06.6383816Z",
  "Level": "INFO",
  "Message": "Job search initiated",
  "ExceptionType": null,
  "ExceptionMessage": null,
  "StackTrace": null,
  "CustomData": {
    "userId": "13",
    "query": "flutter",
    "location": "none"
  }
}
--------------------------------------------------------------------------------
{
  "Timestamp": "2025-12-12T06:27:16.9633201Z",
  "Level": "INFO",
  "Message": "Personalized jobs generated",
  "ExceptionType": null,
  "ExceptionMessage": null,
  "StackTrace": null,
  "CustomData": {
    "userId": "13",
    "jobsCount": "9"
  }
}
--------------------------------------------------------------------------------
{
  "Timestamp": "2025-12-12T06:27:31.3714339Z",
  "Level": "INFO",
  "Message": "Job search completed",
  "ExceptionType": null,
  "ExceptionMessage": null,
  "StackTrace": null,
  "CustomData": {
    "userId": "13",
    "resultsCount": "10"
  }
}
--------------------------------------------------------------------------------
{
  "Timestamp": "2025-12-12T06:27:32.5573338Z",
  "Level": "INFO",
  "Message": "Job search completed",
  "ExceptionType": null,
  "ExceptionMessage": null,
  "StackTrace": null,
  "CustomData": {
    "userId": "13",
    "resultsCount": "10"
  }
}
--------------------------------------------------------------------------------
{
  "Timestamp": "2025-12-12T06:30:44.6293029Z",
  "Level": "INFO",
  "Message": "Personalized jobs requested",
  "ExceptionType": null,
  "ExceptionMessage": null,
  "StackTrace": null,
  "CustomData": {
    "userId": "13",
    "careerTitle": "AR/VR Developer",
    "skillsCount": "2"
  }
}
--------------------------------------------------------------------------------
{
  "Timestamp": "2025-12-12T06:31:02.1840624Z",
  "Level": "INFO",
  "Message": "Personalized jobs generated",
  "ExceptionType": null,
  "ExceptionMessage": null,
  "StackTrace": null,
  "CustomData": {
    "userId": "13",
    "jobsCount": "9"
  }
}
--------------------------------------------------------------------------------
{
  "Timestamp": "2025-12-12T06:31:05.982421Z",
  "Level": "INFO",
  "Message": "Personalized jobs requested",
  "ExceptionType": null,
  "ExceptionMessage": null,
  "StackTrace": null,
  "CustomData": {
    "userId": "13",
    "careerTitle": "AR/VR Developer",
    "skillsCount": "2"
  }
}
--------------------------------------------------------------------------------
{
  "Timestamp": "2025-12-12T06:31:21.1404024Z",
  "Level": "INFO",
  "Message": "Personalized jobs generated",
  "ExceptionType": null,
  "ExceptionMessage": null,
  "StackTrace": null,
  "CustomData": {
    "userId": "13",
    "jobsCount": "9"
  }
}
--------------------------------------------------------------------------------
{
  "Timestamp": "2025-12-12T06:32:33.3210709Z",
  "Level": "INFO",
  "Message": "Personalized jobs requested",
  "ExceptionType": null,
  "ExceptionMessage": null,
  "StackTrace": null,
  "CustomData": {
    "userId": "13",
    "careerTitle": "Flutter Developer",
    "skillsCount": "2"
  }
}
--------------------------------------------------------------------------------
{
  "Timestamp": "2025-12-12T06:32:55.1659052Z",
  "Level": "INFO",
  "Message": "Personalized jobs generated",
  "ExceptionType": null,
  "ExceptionMessage": null,
  "StackTrace": null,
  "CustomData": {
    "userId": "13",
    "jobsCount": "10"
  }
}
--------------------------------------------------------------------------------
{
  "Timestamp": "2025-12-12T06:33:38.2588199Z",
  "Level": "INFO",
  "Message": "Job application submitted",
  "ExceptionType": null,
  "ExceptionMessage": null,
  "StackTrace": null,
  "CustomData": {
    "userId": "13",
    "jobId": "nZ7RMB3SIuhb_rItAAAAAA==",
    "hasNotes": "False"
  }
}
--------------------------------------------------------------------------------
{
  "Timestamp": "2025-12-12T06:38:21.7967537Z",
  "Level": "INFO",
  "Message": "Personalized jobs requested",
  "ExceptionType": null,
  "ExceptionMessage": null,
  "StackTrace": null,
  "CustomData": {
    "userId": "13",
    "careerTitle": "Flutter Developer",
    "skillsCount": "2"
  }
}
--------------------------------------------------------------------------------
{
  "Timestamp": "2025-12-12T06:39:09.3536532Z",
  "Level": "INFO",
  "Message": "Personalized jobs requested",
  "ExceptionType": null,
  "ExceptionMessage": null,
  "StackTrace": null,
  "CustomData": {
    "userId": "13",
    "careerTitle": "Flutter Developer",
    "skillsCount": "2"
  }
}
--------------------------------------------------------------------------------
{
  "Timestamp": "2025-12-12T06:39:11.7940293Z",
  "Level": "INFO",
  "Message": "Personalized jobs generated",
  "ExceptionType": null,
  "ExceptionMessage": null,
  "StackTrace": null,
  "CustomData": {
    "userId": "13",
    "jobsCount": "10"
  }
}
--------------------------------------------------------------------------------
{
  "Timestamp": "2025-12-12T06:39:19.0737506Z",
  "Level": "INFO",
  "Message": "Job application submitted",
  "ExceptionType": null,
  "ExceptionMessage": null,
  "StackTrace": null,
  "CustomData": {
    "userId": "13",
    "jobId": "-d_lSH75yFT9vg1kAAAAAA==",
    "hasNotes": "False"
  }
}
--------------------------------------------------------------------------------
{
  "Timestamp": "2025-12-12T06:39:36.4411202Z",
  "Level": "INFO",
  "Message": "Personalized jobs generated",
  "ExceptionType": null,
  "ExceptionMessage": null,
  "StackTrace": null,
  "CustomData": {
    "userId": "13",
    "jobsCount": "10"
  }
}
--------------------------------------------------------------------------------
{
  "Timestamp": "2025-12-12T09:15:20.4814086Z",
  "Level": "INFO",
  "Message": "Personalized jobs requested",
  "ExceptionType": null,
  "ExceptionMessage": null,
  "StackTrace": null,
  "CustomData": {
    "userId": "13",
    "careerTitle": "Flutter Developer",
    "skillsCount": "2"
  }
}
--------------------------------------------------------------------------------
{
  "Timestamp": "2025-12-12T09:15:38.1271431Z",
  "Level": "INFO",
  "Message": "Personalized jobs generated",
  "ExceptionType": null,
  "ExceptionMessage": null,
  "StackTrace": null,
  "CustomData": {
    "userId": "13",
    "jobsCount": "10"
  }
}
--------------------------------------------------------------------------------
{
  "Timestamp": "2025-12-12T09:15:41.78447Z",
  "Level": "INFO",
  "Message": "Personalized jobs requested",
  "ExceptionType": null,
  "ExceptionMessage": null,
  "StackTrace": null,
  "CustomData": {
    "userId": "13",
    "careerTitle": "Flutter Developer",
    "skillsCount": "2"
  }
}
--------------------------------------------------------------------------------
{
  "Timestamp": "2025-12-12T09:16:15.5528294Z",
  "Level": "INFO",
  "Message": "Personalized jobs generated",
  "ExceptionType": null,
  "ExceptionMessage": null,
  "StackTrace": null,
  "CustomData": {
    "userId": "13",
    "jobsCount": "10"
  }
}
--------------------------------------------------------------------------------
{
  "Timestamp": "2025-12-12T09:56:05.3243172Z",
  "Level": "INFO",
  "Message": "Personalized jobs requested",
  "ExceptionType": null,
  "ExceptionMessage": null,
  "StackTrace": null,
  "CustomData": {
    "userId": "13",
    "careerTitle": "Flutter Developer",
    "skillsCount": "2"
  }
}
--------------------------------------------------------------------------------
{
  "Timestamp": "2025-12-12T09:56:25.8391417Z",
  "Level": "INFO",
  "Message": "Personalized jobs generated",
  "ExceptionType": null,
  "ExceptionMessage": null,
  "StackTrace": null,
  "CustomData": {
    "userId": "13",
    "jobsCount": "10"
  }
}
--------------------------------------------------------------------------------
